{
  "RSpec": {
    "coverage": {
      "/Users/Guest/Desktop/overflowed_QandA_rails/spec/features/log_out_path_spec.rb": [
        1,
        null,
        1,
        1,
        1,
        1,
        1,
        1,
        1,
        1,
        1,
        null,
        null
      ],
      "/Users/Guest/Desktop/overflowed_QandA_rails/spec/rails_helper.rb": [
        null,
        1,
        1,
        null,
        1,
        1,
        1,
        null,
        null,
        null,
        null,
        null,
        null,
        null,
        null,
        null,
        null,
        null,
        null,
        null,
        null,
        null,
        null,
        null,
        null,
        null,
        1,
        null,
        1,
        null,
        1,
        null,
        null,
        null,
        null,
        1,
        null,
        null,
        null,
        null,
        null,
        null,
        null,
        null,
        null,
        null,
        null,
        null,
        null,
        null,
        1,
        null
      ],
      "/Users/Guest/Desktop/overflowed_QandA_rails/config/environment.rb": [
        null,
        1,
        null,
        null,
        1
      ],
      "/Users/Guest/Desktop/overflowed_QandA_rails/config/application.rb": [
        1,
        null,
        1,
        null,
        1,
        1,
        1,
        1,
        1,
        1,
        1,
        null,
        null,
        null,
        null,
        1,
        null,
        1,
        1,
        null,
        null,
        null,
        null,
        null,
        null,
        null,
        null,
        null,
        null,
        null,
        null,
        null,
        1,
        null,
        null
      ],
      "/Users/Guest/Desktop/overflowed_QandA_rails/config/boot.rb": [
        1,
        null,
        1
      ],
      "/Users/Guest/Desktop/overflowed_QandA_rails/config/environments/test.rb": [
        1,
        null,
        null,
        null,
        null,
        null,
        null,
        1,
        null,
        null,
        null,
        null,
        1,
        null,
        null,
        1,
        1,
        null,
        null,
        1,
        1,
        null,
        null,
        1,
        null,
        null,
        1,
        null,
        null,
        null,
        null,
        1,
        null,
        null,
        1,
        null,
        null,
        1,
        null,
        null,
        null,
        null
      ],
      "/Users/Guest/Desktop/overflowed_QandA_rails/config/initializers/assets.rb": [
        null,
        null,
        null,
        1,
        null,
        null,
        null,
        null,
        null,
        null,
        null
      ],
      "/Users/Guest/Desktop/overflowed_QandA_rails/config/initializers/backtrace_silencers.rb": [
        null,
        null,
        null,
        null,
        null,
        null,
        null
      ],
      "/Users/Guest/Desktop/overflowed_QandA_rails/config/initializers/cookies_serializer.rb": [
        null,
        null,
        1
      ],
      "/Users/Guest/Desktop/overflowed_QandA_rails/config/initializers/filter_parameter_logging.rb": [
        null,
        null,
        null,
        1
      ],
      "/Users/Guest/Desktop/overflowed_QandA_rails/config/initializers/inflections.rb": [
        null,
        null,
        null,
        null,
        null,
        null,
        null,
        null,
        null,
        null,
        null,
        null,
        null,
        null,
        null,
        null
      ],
      "/Users/Guest/Desktop/overflowed_QandA_rails/config/initializers/mime_types.rb": [
        null,
        null,
        null,
        null
      ],
      "/Users/Guest/Desktop/overflowed_QandA_rails/config/initializers/session_store.rb": [
        null,
        null,
        1
      ],
      "/Users/Guest/Desktop/overflowed_QandA_rails/config/initializers/wrap_parameters.rb": [
        null,
        null,
        null,
        null,
        null,
        null,
        1,
        1,
        null,
        null,
        null,
        null,
        null,
        null
      ],
      "/Users/Guest/Desktop/overflowed_QandA_rails/spec/factories.rb": [
        1,
        1,
        1,
        1,
        1,
        1,
        1,
        1,
        1,
        null,
        null
      ],
      "/Users/Guest/Desktop/overflowed_QandA_rails/config/routes.rb": [
        1,
        1,
        1,
        1,
        1,
        null,
        null,
        1,
        1,
        null,
        null,
        1,
        1,
        null,
        null,
        null
      ],
      "/Users/Guest/Desktop/overflowed_QandA_rails/app/helpers/application_helper.rb": [
        1,
        null
      ],
      "/Users/Guest/Desktop/overflowed_QandA_rails/spec/features/sign_in_path_spec.rb": [
        1,
        null,
        1,
        1,
        1,
        1,
        1,
        1,
        1,
        1,
        null,
        1,
        1,
        1,
        1,
        1,
        1,
        null,
        null
      ],
      "/Users/Guest/Desktop/overflowed_QandA_rails/spec/models/answer_spec.rb": [
        1,
        2,
        null,
        2,
        2,
        null,
        null
      ],
      "/Users/Guest/Desktop/overflowed_QandA_rails/app/models/answer.rb": [
        1,
        1,
        1,
        null,
        1,
        null,
        null,
        null
      ],
      "/Users/Guest/Desktop/overflowed_QandA_rails/spec/models/question_spec.rb": [
        1,
        2,
        2,
        null,
        2,
        2,
        null
      ],
      "/Users/Guest/Desktop/overflowed_QandA_rails/app/models/question.rb": [
        1,
        1,
        1,
        null,
        1,
        1,
        null,
        null,
        null
      ],
      "/Users/Guest/Desktop/overflowed_QandA_rails/spec/models/user_spec.rb": [
        1,
        null,
        1,
        2,
        null,
        1,
        1,
        1,
        null,
        null,
        1,
        1,
        1,
        null,
        null,
        1,
        1,
        1,
        null,
        null,
        1,
        1,
        1,
        null,
        null,
        null
      ],
      "/Users/Guest/Desktop/overflowed_QandA_rails/app/models/user.rb": [
        1,
        1,
        1,
        1,
        1,
        1,
        null,
        1,
        1,
        null,
        1,
        1,
        null,
        1,
        4,
        4,
        null,
        null,
        1,
        3,
        3,
        2,
        null,
        null,
        null,
        null,
        null,
        1,
        4,
        null,
        null,
        null
      ],
      "/Users/Guest/Desktop/overflowed_QandA_rails/app/mailers/user_mailer.rb": [
        1,
        1,
        null,
        null,
        null,
        null,
        null,
        1,
        4,
        null,
        4,
        null,
        null
      ],
      "/Users/Guest/Desktop/overflowed_QandA_rails/app/mailers/application_mailer.rb": [
        1,
        1,
        1,
        null
      ],
      "/Users/Guest/Desktop/overflowed_QandA_rails/app/controllers/sessions_controller.rb": [
        1,
        null,
        1,
        null,
        null,
        1,
        null,
        3,
        null,
        3,
        2,
        2,
        2,
        null,
        1,
        1,
        null,
        null,
        null,
        1,
        1,
        1,
        1,
        null,
        null,
        null
      ],
      "/Users/Guest/Desktop/overflowed_QandA_rails/app/controllers/application_controller.rb": [
        1,
        null,
        null,
        1,
        null,
        1,
        32,
        null,
        null,
        1,
        null
      ],
      "/Users/Guest/Desktop/overflowed_QandA_rails/app/controllers/home_controller.rb": [
        1,
        1,
        null,
        null
      ]
    },
    "timestamp": 1436290314
  }
}
